<?xml version="1.0" encoding="UTF-8"?>
<!-- Generated by org.testng.reporters.JUnitReportReporter -->
<testsuite hostname="IN-PG02C846" failures="0" tests="1" name="m_jk.mvjek.thirdtest" time="5.559" errors="0" timestamp="2023-10-04T04:48:47 IST" skipped="0">
  <testcase classname="m_jk.mvjek.thirdtest" name="Testgoogle" time="5.559"/>
</testsuite> <!-- m_jk.mvjek.thirdtest -->
