<?xml version="1.0" encoding="UTF-8"?>
<!-- Generated by org.testng.reporters.JUnitReportReporter -->
<testsuite hostname="IN-PG02C846" failures="0" tests="1" name="m_jk.mvjek.forthtest" time="3.729" errors="0" timestamp="2023-10-04T07:11:50 IST" skipped="0">
  <testcase classname="m_jk.mvjek.forthtest" name="Testgoogle" time="3.729"/>
</testsuite> <!-- m_jk.mvjek.forthtest -->
