<?xml version="1.0" encoding="UTF-8"?>
<!-- Generated by org.testng.reporters.JUnitReportReporter -->
<testsuite hostname="IN-PG02C846" failures="0" tests="1" name="m_jk.mvjek.firsttest" time="13.123" errors="0" timestamp="2023-10-04T06:39:26 IST" skipped="0">
  <testcase classname="m_jk.mvjek.firsttest" name="Testgoogle" time="13.123"/>
</testsuite> <!-- m_jk.mvjek.firsttest -->
